Change Component Designator: Old Designator=* New Designator=*1
Change Component Designator: Old Designator=* New Designator=*2
Change Component Designator: Old Designator=C10 New Designator=C4
Change Component Designator: Old Designator=C10 New Designator=C6
Change Component Designator: Old Designator=C11 New Designator=C3
Change Component Designator: Old Designator=C11 New Designator=C5
Change Component Designator: Old Designator=C12 New Designator=C8
Change Component Designator: Old Designator=C? New Designator=C1
Change Component Designator: Old Designator=C? New Designator=C2
Change Component Designator: Old Designator=C? New Designator=C7
Change Component Designator: Old Designator=C? New Designator=C9
Change Component Designator: Old Designator=D? New Designator=D1
Change Component Designator: Old Designator=D? New Designator=D2
Change Component Designator: Old Designator=D? New Designator=D3
Change Component Designator: Old Designator=L? New Designator=L1
Change Component Designator: Old Designator=P2 New Designator=P1
Change Component Designator: Old Designator=R12 New Designator=R3
Change Component Designator: Old Designator=R14 New Designator=R2
Change Component Designator: Old Designator=R15 New Designator=R4
Change Component Designator: Old Designator=R44 New Designator=R1
Change Component Designator: Old Designator=U? New Designator=U1
Change Component Designator: Old Designator=Y1 New Designator=Y2
